2018-06-07 10:19:53.013  INFO 19574 --- [main] com.software.phone.PhoneApplication      : Starting PhoneApplication on bogon with PID 19574 (started by sunow in /Users/sunow/学习/code/study/phone-message)
2018-06-07 10:19:53.017 DEBUG 19574 --- [main] com.software.phone.PhoneApplication      : Running with Spring Boot v1.4.3.RELEASE, Spring v4.3.5.RELEASE
2018-06-07 10:19:53.018  INFO 19574 --- [main] com.software.phone.PhoneApplication      : No active profile set, falling back to default profiles: default
2018-06-07 10:19:53.135  INFO 19574 --- [main] ationConfigEmbeddedWebApplicationContext : Refreshing org.springframework.boot.context.embedded.AnnotationConfigEmbeddedWebApplicationContext@3aefe5e5: startup date [Thu Jun 07 10:19:53 CST 2018]; root of context hierarchy
2018-06-07 10:19:54.024  INFO 19574 --- [main] .s.d.r.c.RepositoryConfigurationDelegate : Multiple Spring Data modules found, entering strict repository configuration mode!
2018-06-07 10:19:54.319  INFO 19574 --- [main] trationDelegate$BeanPostProcessorChecker : Bean 'redisConfig' of type [class com.software.phone.conf.RedisConfig$$EnhancerBySpringCGLIB$$e6e6e1c8] is not eligible for getting processed by all BeanPostProcessors (for example: not eligible for auto-proxying)
2018-06-07 10:19:54.323  INFO 19574 --- [main] trationDelegate$BeanPostProcessorChecker : Bean 'org.springframework.cache.annotation.ProxyCachingConfiguration' of type [class org.springframework.cache.annotation.ProxyCachingConfiguration$$EnhancerBySpringCGLIB$$2e6a1af4] is not eligible for getting processed by all BeanPostProcessors (for example: not eligible for auto-proxying)
2018-06-07 10:19:54.598  INFO 19574 --- [main] s.b.c.e.t.TomcatEmbeddedServletContainer : Tomcat initialized with port(s): 8080 (http)
2018-06-07 10:19:54.605  INFO 19574 --- [main] o.apache.catalina.core.StandardService   : Starting service Tomcat
2018-06-07 10:19:54.607  INFO 19574 --- [main] org.apache.catalina.core.StandardEngine  : Starting Servlet Engine: Apache Tomcat/8.5.6
2018-06-07 10:19:54.673  INFO 19574 --- [localhost-startStop-1] o.a.c.c.C.[Tomcat].[localhost].[/]       : Initializing Spring embedded WebApplicationContext
2018-06-07 10:19:54.673  INFO 19574 --- [localhost-startStop-1] o.s.web.context.ContextLoader            : Root WebApplicationContext: initialization completed in 1554 ms
2018-06-07 10:19:54.792  INFO 19574 --- [localhost-startStop-1] o.s.b.w.servlet.ServletRegistrationBean  : Mapping servlet: 'dispatcherServlet' to [/]
2018-06-07 10:19:54.796  INFO 19574 --- [localhost-startStop-1] o.s.b.w.servlet.FilterRegistrationBean   : Mapping filter: 'characterEncodingFilter' to: [/*]
2018-06-07 10:19:54.796  INFO 19574 --- [localhost-startStop-1] o.s.b.w.servlet.FilterRegistrationBean   : Mapping filter: 'hiddenHttpMethodFilter' to: [/*]
2018-06-07 10:19:54.796  INFO 19574 --- [localhost-startStop-1] o.s.b.w.servlet.FilterRegistrationBean   : Mapping filter: 'httpPutFormContentFilter' to: [/*]
2018-06-07 10:19:54.796  INFO 19574 --- [localhost-startStop-1] o.s.b.w.servlet.FilterRegistrationBean   : Mapping filter: 'requestContextFilter' to: [/*]
2018-06-07 10:19:55.077  INFO 19574 --- [main] s.w.s.m.m.a.RequestMappingHandlerAdapter : Looking for @ControllerAdvice: org.springframework.boot.context.embedded.AnnotationConfigEmbeddedWebApplicationContext@3aefe5e5: startup date [Thu Jun 07 10:19:53 CST 2018]; root of context hierarchy
2018-06-07 10:19:55.111  INFO 19574 --- [main] s.w.s.m.m.a.RequestMappingHandlerMapping : Mapped "{[/phone/oauth],methods=[POST]}" onto public com.software.phone.conf.ResponseEntity com.software.phone.controller.LoginController.oauth(com.software.phone.po.LoginPo)
2018-06-07 10:19:55.112  INFO 19574 --- [main] s.w.s.m.m.a.RequestMappingHandlerMapping : Mapped "{[/phone/login],methods=[POST]}" onto public com.software.phone.conf.ResponseEntity com.software.phone.controller.LoginController.login(com.software.phone.po.LoginPo)
2018-06-07 10:19:55.113  INFO 19574 --- [main] s.w.s.m.m.a.RequestMappingHandlerMapping : Mapped "{[/error]}" onto public org.springframework.http.ResponseEntity<java.util.Map<java.lang.String, java.lang.Object>> org.springframework.boot.autoconfigure.web.BasicErrorController.error(javax.servlet.http.HttpServletRequest)
2018-06-07 10:19:55.114  INFO 19574 --- [main] s.w.s.m.m.a.RequestMappingHandlerMapping : Mapped "{[/error],produces=[text/html]}" onto public org.springframework.web.servlet.ModelAndView org.springframework.boot.autoconfigure.web.BasicErrorController.errorHtml(javax.servlet.http.HttpServletRequest,javax.servlet.http.HttpServletResponse)
2018-06-07 10:19:55.133  INFO 19574 --- [main] o.s.w.s.handler.SimpleUrlHandlerMapping  : Mapped URL path [/webjars/**] onto handler of type [class org.springframework.web.servlet.resource.ResourceHttpRequestHandler]
2018-06-07 10:19:55.133  INFO 19574 --- [main] o.s.w.s.handler.SimpleUrlHandlerMapping  : Mapped URL path [/**] onto handler of type [class org.springframework.web.servlet.resource.ResourceHttpRequestHandler]
2018-06-07 10:19:55.157  INFO 19574 --- [main] o.s.w.s.handler.SimpleUrlHandlerMapping  : Mapped URL path [/**/favicon.ico] onto handler of type [class org.springframework.web.servlet.resource.ResourceHttpRequestHandler]
2018-06-07 10:19:55.285  INFO 19574 --- [main] o.s.j.e.a.AnnotationMBeanExporter        : Registering beans for JMX exposure on startup
2018-06-07 10:19:55.333  INFO 19574 --- [main] s.b.c.e.t.TomcatEmbeddedServletContainer : Tomcat started on port(s): 8080 (http)
2018-06-07 10:19:55.337  INFO 19574 --- [main] com.software.phone.PhoneApplication      : Started PhoneApplication in 2.647 seconds (JVM running for 3.408)
2018-06-07 10:22:16.350  INFO 19574 --- [http-nio-8080-exec-1] o.a.c.c.C.[Tomcat].[localhost].[/]       : Initializing Spring FrameworkServlet 'dispatcherServlet'
2018-06-07 10:22:16.351  INFO 19574 --- [http-nio-8080-exec-1] o.s.web.servlet.DispatcherServlet        : FrameworkServlet 'dispatcherServlet': initialization started
2018-06-07 10:22:16.371  INFO 19574 --- [http-nio-8080-exec-1] o.s.web.servlet.DispatcherServlet        : FrameworkServlet 'dispatcherServlet': initialization completed in 20 ms
2018-06-07 10:22:16.426  INFO 19574 --- [http-nio-8080-exec-1] c.s.phone.controller.LoginController     : 用户获取验证码
2018-06-07 10:22:16.839  WARN 19574 --- [http-nio-8080-exec-1] o.a.commons.httpclient.HttpMethodBase    : Going to buffer response body of large or unknown size. Using getResponseBodyAsStream instead is recommended.
2018-06-07 10:22:34.343  INFO 19574 --- [http-nio-8080-exec-2] c.s.phone.controller.LoginController     : 用户携带验证码进行登录验证
2018-06-07 10:24:21.072  INFO 19574 --- [http-nio-8080-exec-4] c.s.phone.controller.LoginController     : 用户携带验证码进行登录验证
2018-06-07 10:24:23.179  INFO 19574 --- [http-nio-8080-exec-5] c.s.phone.controller.LoginController     : 用户获取验证码
2018-06-07 10:24:23.286  WARN 19574 --- [http-nio-8080-exec-5] o.a.commons.httpclient.HttpMethodBase    : Going to buffer response body of large or unknown size. Using getResponseBodyAsStream instead is recommended.
2018-06-07 10:59:17.105  INFO 19574 --- [Thread-10] ationConfigEmbeddedWebApplicationContext : Closing org.springframework.boot.context.embedded.AnnotationConfigEmbeddedWebApplicationContext@3aefe5e5: startup date [Thu Jun 07 10:19:53 CST 2018]; root of context hierarchy
2018-06-07 10:59:17.124  INFO 19574 --- [Thread-10] o.s.j.e.a.AnnotationMBeanExporter        : Unregistering JMX-exposed beans on shutdown
